Log file open, 03/28/21 14:27:48
LogWindows: Failed to load 'aqProf.dll' (GetLastError=126)
LogWindows: File 'aqProf.dll' does not exist
LogWindows: Failed to load 'VtuneApi.dll' (GetLastError=126)
LogWindows: File 'VtuneApi.dll' does not exist
LogWindows: Failed to load 'VtuneApi32e.dll' (GetLastError=126)
LogWindows: File 'VtuneApi32e.dll' does not exist
LogConsoleResponse: Display: Failed to find resolution value strings in scalability ini. Falling back to default.
LogInit: Display: Running engine for game: DES310CardboardSword
LogPlatformFile: Not using cached read wrapper
LogTaskGraph: Started task graph with 5 named threads and 23 total threads with 3 sets of task threads.
LogStats: Stats thread started at 0.085868
LogD3D11RHI: Loaded GFSDK_Aftermath_Lib.x64.dll
LogICUInternationalization: ICU TimeZone Detection - Raw Offset: +0:00, Platform Override: ''
LogPluginManager: Mounting plugin Paper2D
LogPluginManager: Mounting plugin AISupport
LogPluginManager: Mounting plugin LightPropagationVolume
LogPluginManager: Mounting plugin ActorLayerUtilities
LogPluginManager: Mounting plugin AnimationSharing
LogPluginManager: Mounting plugin CLionSourceCodeAccess
LogPluginManager: Mounting plugin CodeLiteSourceCodeAccess
LogPluginManager: Mounting plugin GitSourceControl
LogPluginManager: Mounting plugin KDevelopSourceCodeAccess
LogPluginManager: Mounting plugin NullSourceCodeAccess
LogPluginManager: Mounting plugin PerforceSourceControl
LogPluginManager: Mounting plugin PlasticSourceControl
LogPluginManager: Mounting plugin SubversionSourceControl
LogPluginManager: Mounting plugin UObjectPlugin
LogPluginManager: Mounting plugin VisualStudioCodeSourceCodeAccess
LogPluginManager: Mounting plugin VisualStudioSourceCodeAccess
LogPluginManager: Mounting plugin XCodeSourceCodeAccess
LogPluginManager: Mounting plugin AssetManagerEditor
LogPluginManager: Mounting plugin CryptoKeys
LogPluginManager: Mounting plugin CurveEditorTools
LogPluginManager: Mounting plugin DataValidation
LogPluginManager: Mounting plugin FacialAnimation
LogPluginManager: Mounting plugin GameplayTagsEditor
LogPluginManager: Mounting plugin MacGraphicsSwitching
LogPluginManager: Mounting plugin MaterialAnalyzer
LogPluginManager: Mounting plugin MobileLauncherProfileWizard
LogPluginManager: Mounting plugin PluginBrowser
LogPluginManager: Mounting plugin SpeedTreeImporter
LogPluginManager: Mounting plugin DatasmithContent
LogPluginManager: Mounting plugin VariantManagerContent
LogPluginManager: Mounting plugin AlembicImporter
LogPluginManager: Mounting plugin AutomationUtils
LogPluginManager: Mounting plugin BackChannel
LogPluginManager: Mounting plugin CharacterAI
LogPluginManager: Mounting plugin GeometryCache
LogPluginManager: Mounting plugin PlatformCrypto
LogPluginManager: Mounting plugin ProxyLODPlugin
LogPluginManager: Mounting plugin SkeletalReduction
LogPluginManager: Mounting plugin MagicLeap
LogPluginManager: Mounting plugin MagicLeapMedia
LogPluginManager: Mounting plugin MLSDK
LogPluginManager: Mounting plugin AndroidMedia
LogPluginManager: Mounting plugin AvfMedia
LogPluginManager: Mounting plugin ImgMedia
LogPluginManager: Mounting plugin MediaCompositing
LogPluginManager: Mounting plugin MediaPlayerEditor
LogPluginManager: Mounting plugin WebMMedia
LogPluginManager: Mounting plugin WmfMedia
LogPluginManager: Mounting plugin TcpMessaging
LogPluginManager: Mounting plugin UdpMessaging
LogPluginManager: Mounting plugin ActorSequence
LogPluginManager: Mounting plugin LevelSequenceEditor
LogPluginManager: Mounting plugin MatineeToLevelSequence
LogPluginManager: Mounting plugin NetcodeUnitTest
LogPluginManager: Mounting plugin NUTUnrealEngine4
LogPluginManager: Mounting plugin OnlineSubsystemGooglePlay
LogPluginManager: Mounting plugin OnlineSubsystemIOS
LogPluginManager: Mounting plugin OnlineSubsystem
LogPluginManager: Mounting plugin OnlineSubsystemNull
LogPluginManager: Mounting plugin OnlineSubsystemUtils
LogPluginManager: Mounting plugin LauncherChunkInstaller
LogPluginManager: Mounting plugin AndroidDeviceProfileSelector
LogPluginManager: Mounting plugin AndroidMoviePlayer
LogPluginManager: Mounting plugin AndroidPermission
LogPluginManager: Mounting plugin AppleImageUtils
LogPluginManager: Mounting plugin AppleMoviePlayer
LogPluginManager: Mounting plugin ArchVisCharacter
LogPluginManager: Mounting plugin AssetTags
LogPluginManager: Mounting plugin AudioCapture
LogPluginManager: Mounting plugin CableComponent
LogPluginManager: Mounting plugin CustomMeshComponent
LogPluginManager: Mounting plugin EditableMesh
LogPluginManager: Mounting plugin ExampleDeviceProfileSelector
LogPluginManager: Mounting plugin GoogleCloudMessaging
LogPluginManager: Mounting plugin IOSDeviceProfileSelector
LogPluginManager: Mounting plugin LinuxDeviceProfileSelector
LogPluginManager: Mounting plugin LocationServicesBPLibrary
LogPluginManager: Mounting plugin MobilePatchingUtils
LogPluginManager: Mounting plugin OculusVR
LogPluginManager: Mounting plugin PhysXVehicles
LogPluginManager: Mounting plugin PostSplashScreen
LogPluginManager: Mounting plugin ProceduralMeshComponent
LogPluginManager: Mounting plugin RuntimePhysXCooking
LogPluginManager: Mounting plugin SignificanceManager
LogPluginManager: Mounting plugin SteamVR
LogPluginManager: Mounting plugin WebMMoviePlayer
LogPluginManager: Mounting plugin WindowsMoviePlayer
LogPluginManager: Mounting plugin ScreenshotTools
LogInit: Using libcurl 7.55.1-DEV
LogInit:  - built for x86_64-pc-win32
LogInit:  - supports SSL with OpenSSL/1.1.1
LogInit:  - supports HTTP deflate (compression) using libz 1.2.8
LogInit:  - other features:
LogInit:      CURL_VERSION_SSL
LogInit:      CURL_VERSION_LIBZ
LogInit:      CURL_VERSION_IPV6
LogInit:      CURL_VERSION_ASYNCHDNS
LogInit:      CURL_VERSION_LARGEFILE
LogInit:      CURL_VERSION_IDN
LogInit:  CurlRequestOptions (configurable via config and command line):
LogInit:  - bVerifyPeer = true  - Libcurl will verify peer certificate
LogInit:  - bUseHttpProxy = false  - Libcurl will NOT use HTTP proxy
LogInit:  - bDontReuseConnections = false  - Libcurl will reuse connections
LogInit:  - MaxHostConnections = 16  - Libcurl will limit the number of connections to a host
LogInit:  - LocalHostAddr = Default
LogInit:  - BufferSize = 65536
LogOnline: OSS: Creating online subsystem instance for: NULL
LogInit: WinSock: version 1.1 (2.2), MaxSocks=32767, MaxUdp=65467
LogOnline: OSS: TryLoadSubsystemAndSetDefault: Loaded subsystem for module [NULL]
LogInit: Build: ++UE4+Release-4.24-CL-11590370
LogInit: Engine Version: 4.24.3-11590370+++UE4+Release-4.24
LogInit: Compatible Engine Version: 4.24.0-10570792+++UE4+Release-4.24
LogInit: Net CL: 10570792
LogInit: OS: Windows 10 (Release 1909) (), CPU: Intel(R) Core(TM) i7-7700HQ CPU @ 2.80GHz, GPU: Intel(R) HD Graphics 630
LogInit: Compiled (64-bit): Feb 24 2020 15:39:18
LogInit: Compiled with Visual C++: 19.16.27032.01
LogInit: Build Configuration: Development
LogInit: Branch Name: ++UE4+Release-4.24
LogInit: Command Line: 
LogInit: Base Directory: C:/Program Files/Epic Games/UE_4.24/Engine/Binaries/Win64/
LogInit: Installed Engine Build: 1
LogDevObjectVersion: Number of dev versions registered: 25
LogDevObjectVersion:   Dev-Blueprints (B0D832E4-1F89-4F0D-ACCF-7EB736FD4AA2): 10
LogDevObjectVersion:   Dev-Build (E1C64328-A22C-4D53-A36C-8E866417BD8C): 0
LogDevObjectVersion:   Dev-Core (375EC13C-06E4-48FB-B500-84F0262A717E): 3
LogDevObjectVersion:   Dev-Editor (E4B068ED-F494-42E9-A231-DA0B2E46BB41): 37
LogDevObjectVersion:   Dev-Framework (CFFC743F-43B0-4480-9391-14DF171D2073): 36
LogDevObjectVersion:   Dev-Mobile (B02B49B5-BB20-44E9-A304-32B752E40360): 2
LogDevObjectVersion:   Dev-Networking (A4E4105C-59A1-49B5-A7C5-40C4547EDFEE): 0
LogDevObjectVersion:   Dev-Online (39C831C9-5AE6-47DC-9A44-9C173E1C8E7C): 0
LogDevObjectVersion:   Dev-Physics (78F01B33-EBEA-4F98-B9B4-84EACCB95AA2): 2
LogDevObjectVersion:   Dev-Platform (6631380F-2D4D-43E0-8009-CF276956A95A): 0
LogDevObjectVersion:   Dev-Rendering (12F88B9F-8875-4AFC-A67C-D90C383ABD29): 36
LogDevObjectVersion:   Dev-Sequencer (7B5AE74C-D270-4C10-A958-57980B212A5A): 11
LogDevObjectVersion:   Dev-VR (D7296918-1DD6-4BDD-9DE2-64A83CC13884): 2
LogDevObjectVersion:   Dev-LoadTimes (C2A15278-BFE7-4AFE-6C17-90FF531DF755): 1
LogDevObjectVersion:   Private-Geometry (6EACA3D4-40EC-4CC1-B786-8BED09428FC5): 3
LogDevObjectVersion:   Dev-AnimPhys (29E575DD-E0A3-4627-9D10-D276232CDCEA): 17
LogDevObjectVersion:   Dev-Anim (AF43A65D-7FD3-4947-9873-3E8ED9C1BB05): 2
LogDevObjectVersion:   Dev-ReflectionCapture (6B266CEC-1EC7-4B8F-A30B-E4D90942FC07): 1
LogDevObjectVersion:   Dev-Automation (0DF73D61-A23F-47EA-B727-89E90C41499A): 1
LogDevObjectVersion:   FortniteMain (601D1886-AC64-4F84-AA16-D3DE0DEAC7D6): 31
LogDevObjectVersion:   Dev-Enterprise (9DFFBCD6-494F-0158-E221-12823C92A888): 8
LogDevObjectVersion:   Dev-Niagara (F2AED0AC-9AFE-416F-8664-AA7FFA26D6FC): 1
LogDevObjectVersion:   Dev-Destruction (174F1F0B-B4C6-45A5-B13F-2EE8D0FB917D): 9
LogDevObjectVersion:   Dev-Physics-Ext (35F94A83-E258-406C-A318-09F59610247C): 8
LogDevObjectVersion:   Dev-CineCamera (B2E18506-4273-CFC2-A54E-F4BB758BBA07): 1
LogInit: Presizing for max 25165824 objects, including 0 objects not considered by GC, pre-allocating 0 bytes for permanent pool.
LogInit: Object subsystem initialized
LogConfig: Setting CVar [[con.DebugEarlyDefault:1]]
LogConfig: Setting CVar [[r.setres:1280x720]]
[2021.03.28-13.27.48:857][  0]LogConfig: Setting CVar [[r.VSync:0]]
[2021.03.28-13.27.48:857][  0]LogConfig: Setting CVar [[r.RHICmdBypass:0]]
[2021.03.28-13.27.48:857][  0]LogConfig: Applying CVar settings from Section [/Script/Engine.RendererSettings] File [C:/Users/zodia/OneDrive/Documents/GitHub/DES310-CardboardSword/DES310CardboardSword/Saved/Config/Windows/Engine.ini]
[2021.03.28-13.27.48:857][  0]LogConfig: Setting CVar [[r.GPUCrashDebugging:0]]
[2021.03.28-13.27.48:857][  0]LogConfig: Applying CVar settings from Section [/Script/Engine.RendererOverrideSettings] File [C:/Users/zodia/OneDrive/Documents/GitHub/DES310-CardboardSword/DES310CardboardSword/Saved/Config/Windows/Engine.ini]
[2021.03.28-13.27.48:857][  0]LogConfig: Applying CVar settings from Section [/Script/Engine.StreamingSettings] File [C:/Users/zodia/OneDrive/Documents/GitHub/DES310-CardboardSword/DES310CardboardSword/Saved/Config/Windows/Engine.ini]
[2021.03.28-13.27.48:857][  0]LogConfig: Setting CVar [[s.MinBulkDataSizeForAsyncLoading:131072]]
[2021.03.28-13.27.48:857][  0]LogConfig: Setting CVar [[s.AsyncLoadingThreadEnabled:0]]
[2021.03.28-13.27.48:857][  0]LogConfig: Setting CVar [[s.EventDrivenLoaderEnabled:1]]
[2021.03.28-13.27.48:857][  0]LogConfig: Setting CVar [[s.WarnIfTimeLimitExceeded:0]]
[2021.03.28-13.27.48:857][  0]LogConfig: Setting CVar [[s.TimeLimitExceededMultiplier:1.5]]
[2021.03.28-13.27.48:857][  0]LogConfig: Setting CVar [[s.TimeLimitExceededMinTime:0.005]]
[2021.03.28-13.27.48:857][  0]LogConfig: Setting CVar [[s.UseBackgroundLevelStreaming:1]]
[2021.03.28-13.27.48:857][  0]LogConfig: Setting CVar [[s.PriorityAsyncLoadingExtraTime:15.0]]
[2021.03.28-13.27.48:857][  0]LogConfig: Setting CVar [[s.LevelStreamingActorsUpdateTimeLimit:5.0]]
[2021.03.28-13.27.48:857][  0]LogConfig: Setting CVar [[s.PriorityLevelStreamingActorsUpdateExtraTime:5.0]]
[2021.03.28-13.27.48:857][  0]LogConfig: Setting CVar [[s.LevelStreamingComponentsRegistrationGranularity:10]]
[2021.03.28-13.27.48:857][  0]LogConfig: Setting CVar [[s.UnregisterComponentsTimeLimit:1.0]]
[2021.03.28-13.27.48:857][  0]LogConfig: Setting CVar [[s.LevelStreamingComponentsUnregistrationGranularity:5]]
[2021.03.28-13.27.48:857][  0]LogConfig: Setting CVar [[s.FlushStreamingOnExit:1]]
[2021.03.28-13.27.48:857][  0]LogConfig: Applying CVar settings from Section [/Script/Engine.GarbageCollectionSettings] File [C:/Users/zodia/OneDrive/Documents/GitHub/DES310-CardboardSword/DES310CardboardSword/Saved/Config/Windows/Engine.ini]
[2021.03.28-13.27.48:857][  0]LogConfig: Setting CVar [[gc.MaxObjectsNotConsideredByGC:1]]
[2021.03.28-13.27.48:857][  0]LogConfig: Setting CVar [[gc.SizeOfPermanentObjectPool:0]]
[2021.03.28-13.27.48:857][  0]LogConfig: Setting CVar [[gc.FlushStreamingOnGC:0]]
[2021.03.28-13.27.48:857][  0]LogConfig: Setting CVar [[gc.NumRetriesBeforeForcingGC:10]]
[2021.03.28-13.27.48:857][  0]LogConfig: Setting CVar [[gc.AllowParallelGC:1]]
[2021.03.28-13.27.48:857][  0]LogConfig: Setting CVar [[gc.TimeBetweenPurgingPendingKillObjects:61.1]]
[2021.03.28-13.27.48:857][  0]LogConfig: Setting CVar [[gc.MaxObjectsInEditor:25165824]]
[2021.03.28-13.27.48:857][  0]LogConfig: Setting CVar [[gc.IncrementalBeginDestroyEnabled:1]]
[2021.03.28-13.27.48:857][  0]LogConfig: Setting CVar [[gc.CreateGCClusters:1]]
[2021.03.28-13.27.48:857][  0]LogConfig: Setting CVar [[gc.MinGCClusterSize:5]]
[2021.03.28-13.27.48:857][  0]LogConfig: Setting CVar [[gc.ActorClusteringEnabled:0]]
[2021.03.28-13.27.48:857][  0]LogConfig: Setting CVar [[gc.BlueprintClusteringEnabled:0]]
[2021.03.28-13.27.48:857][  0]LogConfig: Setting CVar [[gc.UseDisregardForGCOnDedicatedServers:0]]
[2021.03.28-13.27.48:857][  0]LogConfig: Applying CVar settings from Section [/Script/Engine.NetworkSettings] File [C:/Users/zodia/OneDrive/Documents/GitHub/DES310-CardboardSword/DES310CardboardSword/Saved/Config/Windows/Engine.ini]
[2021.03.28-13.27.48:857][  0]LogConfig: Applying CVar settings from Section [/Script/UnrealEd.CookerSettings] File [C:/Users/zodia/OneDrive/Documents/GitHub/DES310-CardboardSword/DES310CardboardSword/Saved/Config/Windows/Engine.ini]
[2021.03.28-13.27.48:861][  0]LogConfig: Applying CVar settings from Section [ViewDistanceQuality@3] File [C:/Users/zodia/OneDrive/Documents/GitHub/DES310-CardboardSword/DES310CardboardSword/Saved/Config/Windows/Scalability.ini]
[2021.03.28-13.27.48:861][  0]LogConfig: Setting CVar [[r.SkeletalMeshLODBias:0]]
[2021.03.28-13.27.48:861][  0]LogConfig: Setting CVar [[r.ViewDistanceScale:1.0]]
[2021.03.28-13.27.48:861][  0]LogConfig: Applying CVar settings from Section [AntiAliasingQuality@3] File [C:/Users/zodia/OneDrive/Documents/GitHub/DES310-CardboardSword/DES310CardboardSword/Saved/Config/Windows/Scalability.ini]
[2021.03.28-13.27.48:861][  0]LogConfig: Setting CVar [[r.PostProcessAAQuality:4]]
[2021.03.28-13.27.48:861][  0]LogConfig: Applying CVar settings from Section [ShadowQuality@3] File [C:/Users/zodia/OneDrive/Documents/GitHub/DES310-CardboardSword/DES310CardboardSword/Saved/Config/Windows/Scalability.ini]
[2021.03.28-13.27.48:861][  0]LogConfig: Setting CVar [[r.LightFunctionQuality:1]]
[2021.03.28-13.27.48:861][  0]LogConfig: Setting CVar [[r.ShadowQuality:5]]
[2021.03.28-13.27.48:861][  0]LogConfig: Setting CVar [[r.Shadow.CSM.MaxCascades:10]]
[2021.03.28-13.27.48:861][  0]LogConfig: Setting CVar [[r.Shadow.MaxResolution:2048]]
[2021.03.28-13.27.48:861][  0]LogConfig: Setting CVar [[r.Shadow.MaxCSMResolution:2048]]
[2021.03.28-13.27.48:861][  0]LogConfig: Setting CVar [[r.Shadow.RadiusThreshold:0.01]]
[2021.03.28-13.27.48:861][  0]LogConfig: Setting CVar [[r.Shadow.DistanceScale:1.0]]
[2021.03.28-13.27.48:861][  0]LogConfig: Setting CVar [[r.Shadow.CSM.TransitionScale:1.0]]
[2021.03.28-13.27.48:861][  0]LogConfig: Setting CVar [[r.Shadow.PreShadowResolutionFactor:1.0]]
[2021.03.28-13.27.48:861][  0]LogConfig: Setting CVar [[r.DistanceFieldShadowing:1]]
[2021.03.28-13.27.48:861][  0]LogConfig: Setting CVar [[r.DistanceFieldAO:1]]
[2021.03.28-13.27.48:861][  0]LogConfig: Setting CVar [[r.AOQuality:2]]
[2021.03.28-13.27.48:861][  0]LogConfig: Setting CVar [[r.VolumetricFog:1]]
[2021.03.28-13.27.48:861][  0]LogConfig: Setting CVar [[r.VolumetricFog.GridPixelSize:8]]
[2021.03.28-13.27.48:861][  0]LogConfig: Setting CVar [[r.VolumetricFog.GridSizeZ:128]]
[2021.03.28-13.27.48:861][  0]LogConfig: Setting CVar [[r.VolumetricFog.HistoryMissSupersampleCount:4]]
[2021.03.28-13.27.48:861][  0]LogConfig: Setting CVar [[r.LightMaxDrawDistanceScale:1]]
[2021.03.28-13.27.48:861][  0]LogConfig: Setting CVar [[r.CapsuleShadows:1]]
[2021.03.28-13.27.48:861][  0]LogConfig: Applying CVar settings from Section [PostProcessQuality@3] File [C:/Users/zodia/OneDrive/Documents/GitHub/DES310-CardboardSword/DES310CardboardSword/Saved/Config/Windows/Scalability.ini]
[2021.03.28-13.27.48:861][  0]LogConfig: Setting CVar [[r.MotionBlurQuality:4]]
[2021.03.28-13.27.48:861][  0]LogConfig: Setting CVar [[r.AmbientOcclusionMipLevelFactor:0.4]]
[2021.03.28-13.27.48:861][  0]LogConfig: Setting CVar [[r.AmbientOcclusionMaxQuality:100]]
[2021.03.28-13.27.48:861][  0]LogConfig: Setting CVar [[r.AmbientOcclusionLevels:-1]]
[2021.03.28-13.27.48:861][  0]LogConfig: Setting CVar [[r.AmbientOcclusionRadiusScale:1.0]]
[2021.03.28-13.27.48:861][  0]LogConfig: Setting CVar [[r.DepthOfFieldQuality:2]]
[2021.03.28-13.27.48:861][  0]LogConfig: Setting CVar [[r.RenderTargetPoolMin:400]]
[2021.03.28-13.27.48:861][  0]LogConfig: Setting CVar [[r.LensFlareQuality:2]]
[2021.03.28-13.27.48:861][  0]LogConfig: Setting CVar [[r.SceneColorFringeQuality:1]]
[2021.03.28-13.27.48:861][  0]LogConfig: Setting CVar [[r.EyeAdaptationQuality:2]]
[2021.03.28-13.27.48:861][  0]LogConfig: Setting CVar [[r.BloomQuality:5]]
[2021.03.28-13.27.48:861][  0]LogConfig: Setting CVar [[r.FastBlurThreshold:100]]
[2021.03.28-13.27.48:861][  0]LogConfig: Setting CVar [[r.Upscale.Quality:3]]
[2021.03.28-13.27.48:861][  0]LogConfig: Setting CVar [[r.Tonemapper.GrainQuantization:1]]
[2021.03.28-13.27.48:861][  0]LogConfig: Setting CVar [[r.LightShaftQuality:1]]
[2021.03.28-13.27.48:861][  0]LogConfig: Setting CVar [[r.Filter.SizeScale:1]]
[2021.03.28-13.27.48:862][  0]LogConfig: Setting CVar [[r.Tonemapper.Quality:5]]
[2021.03.28-13.27.48:862][  0]LogConfig: Setting CVar [[r.DOF.Gather.AccumulatorQuality:1        ; higher gathering accumulator quality]]
[2021.03.28-13.27.48:862][  0]LogConfig: Setting CVar [[r.DOF.Gather.PostfilterMethod:1          ; Median3x3 postfilering method]]
[2021.03.28-13.27.48:862][  0]LogConfig: Setting CVar [[r.DOF.Gather.EnableBokehSettings:0       ; no bokeh simulation when gathering]]
[2021.03.28-13.27.48:862][  0]LogConfig: Setting CVar [[r.DOF.Gather.RingCount:4                 ; medium number of samples when gathering]]
[2021.03.28-13.27.48:862][  0]LogConfig: Setting CVar [[r.DOF.Scatter.ForegroundCompositing:1    ; additive foreground scattering]]
[2021.03.28-13.27.48:862][  0]LogConfig: Setting CVar [[r.DOF.Scatter.BackgroundCompositing:2    ; additive background scattering]]
[2021.03.28-13.27.48:862][  0]LogConfig: Setting CVar [[r.DOF.Scatter.EnableBokehSettings:1      ; bokeh simulation when scattering]]
[2021.03.28-13.27.48:862][  0]LogConfig: Setting CVar [[r.DOF.Scatter.MaxSpriteRatio:0.1         ; only a maximum of 10% of scattered bokeh]]
[2021.03.28-13.27.48:862][  0]LogConfig: Setting CVar [[r.DOF.Recombine.Quality:1                ; cheap slight out of focus]]
[2021.03.28-13.27.48:862][  0]LogConfig: Setting CVar [[r.DOF.Recombine.EnableBokehSettings:0    ; no bokeh simulation on slight out of focus]]
[2021.03.28-13.27.48:862][  0]LogConfig: Setting CVar [[r.DOF.TemporalAAQuality:1                ; more stable temporal accumulation]]
[2021.03.28-13.27.48:862][  0]LogConfig: Setting CVar [[r.DOF.Kernel.MaxForegroundRadius:0.025]]
[2021.03.28-13.27.48:862][  0]LogConfig: Setting CVar [[r.DOF.Kernel.MaxBackgroundRadius:0.025]]
[2021.03.28-13.27.48:862][  0]LogConfig: Applying CVar settings from Section [TextureQuality@3] File [C:/Users/zodia/OneDrive/Documents/GitHub/DES310-CardboardSword/DES310CardboardSword/Saved/Config/Windows/Scalability.ini]
[2021.03.28-13.27.48:862][  0]LogConfig: Setting CVar [[r.Streaming.MipBias:0]]
[2021.03.28-13.27.48:862][  0]LogConfig: Setting CVar [[r.Streaming.AmortizeCPUToGPUCopy:0]]
[2021.03.28-13.27.48:862][  0]LogConfig: Setting CVar [[r.Streaming.MaxNumTexturesToStreamPerFrame:0]]
[2021.03.28-13.27.48:862][  0]LogConfig: Setting CVar [[r.Streaming.Boost:1]]
[2021.03.28-13.27.48:862][  0]LogConfig: Setting CVar [[r.MaxAnisotropy:8]]
[2021.03.28-13.27.48:862][  0]LogConfig: Setting CVar [[r.VT.MaxAnisotropy:8]]
[2021.03.28-13.27.48:862][  0]LogConfig: Setting CVar [[r.Streaming.LimitPoolSizeToVRAM:0]]
[2021.03.28-13.27.48:862][  0]LogConfig: Setting CVar [[r.Streaming.PoolSize:1000]]
[2021.03.28-13.27.48:862][  0]LogConfig: Setting CVar [[r.Streaming.MaxEffectiveScreenSize:0]]
[2021.03.28-13.27.48:862][  0]LogConfig: Applying CVar settings from Section [EffectsQuality@3] File [C:/Users/zodia/OneDrive/Documents/GitHub/DES310-CardboardSword/DES310CardboardSword/Saved/Config/Windows/Scalability.ini]
[2021.03.28-13.27.48:862][  0]LogConfig: Setting CVar [[r.TranslucencyLightingVolumeDim:64]]
[2021.03.28-13.27.48:862][  0]LogConfig: Setting CVar [[r.RefractionQuality:2]]
[2021.03.28-13.27.48:862][  0]LogConfig: Setting CVar [[r.SSR.Quality:3]]
[2021.03.28-13.27.48:862][  0]LogConfig: Setting CVar [[r.SSR.HalfResSceneColor:0]]
[2021.03.28-13.27.48:862][  0]LogConfig: Setting CVar [[r.SceneColorFormat:4]]
[2021.03.28-13.27.48:862][  0]LogConfig: Setting CVar [[r.DetailMode:2]]
[2021.03.28-13.27.48:862][  0]LogConfig: Setting CVar [[r.TranslucencyVolumeBlur:1]]
[2021.03.28-13.27.48:862][  0]LogConfig: Setting CVar [[r.MaterialQualityLevel:1 ; High quality]]
[2021.03.28-13.27.48:862][  0]LogConfig: Setting CVar [[r.SSS.Scale:1]]
[2021.03.28-13.27.48:862][  0]LogConfig: Setting CVar [[r.SSS.SampleSet:2]]
[2021.03.28-13.27.48:862][  0]LogConfig: Setting CVar [[r.SSS.Quality:1]]
[2021.03.28-13.27.48:862][  0]LogConfig: Setting CVar [[r.SSS.HalfRes:1]]
[2021.03.28-13.27.48:862][  0]LogConfig: Setting CVar [[r.SSGI.Quality:3]]
[2021.03.28-13.27.48:862][  0]LogConfig: Setting CVar [[r.EmitterSpawnRateScale:1.0]]
[2021.03.28-13.27.48:862][  0]LogConfig: Setting CVar [[r.ParticleLightQuality:2]]
[2021.03.28-13.27.48:862][  0]LogConfig: Setting CVar [[r.SkyAtmosphere.AerialPerspectiveLUT.FastApplyOnOpaque:1 ; Always have FastSkyLUT 1 in this case to avoid wrong sky]]
[2021.03.28-13.27.48:862][  0]LogConfig: Setting CVar [[r.SkyAtmosphere.AerialPerspectiveLUT.SampleCountPerSlice:1]]
[2021.03.28-13.27.48:862][  0]LogConfig: Setting CVar [[r.SkyAtmosphere.AerialPerspectiveLUT.DepthResolution:16.0]]
[2021.03.28-13.27.48:862][  0]LogConfig: Setting CVar [[r.SkyAtmosphere.FastSkyLUT:1]]
[2021.03.28-13.27.48:862][  0]LogConfig: Setting CVar [[r.SkyAtmosphere.FastSkyLUT.SampleCountMin:4.0]]
[2021.03.28-13.27.48:862][  0]LogConfig: Setting CVar [[r.SkyAtmosphere.FastSkyLUT.SampleCountMax:32.0]]
[2021.03.28-13.27.48:862][  0]LogConfig: Setting CVar [[r.SkyAtmosphere.SampleCountMin:4.0]]
[2021.03.28-13.27.48:862][  0]LogConfig: Setting CVar [[r.SkyAtmosphere.SampleCountMax:32.0]]
[2021.03.28-13.27.48:862][  0]LogConfig: Setting CVar [[r.SkyAtmosphere.TransmittanceLUT.UseSmallFormat:0]]
[2021.03.28-13.27.48:862][  0]LogConfig: Setting CVar [[r.SkyAtmosphere.TransmittanceLUT.SampleCount:10.0]]
[2021.03.28-13.27.48:862][  0]LogConfig: Setting CVar [[r.SkyAtmosphere.MultiScatteringLUT.SampleCount:15.0]]
[2021.03.28-13.27.48:862][  0]LogConfig: Applying CVar settings from Section [FoliageQuality@3] File [C:/Users/zodia/OneDrive/Documents/GitHub/DES310-CardboardSword/DES310CardboardSword/Saved/Config/Windows/Scalability.ini]
[2021.03.28-13.27.48:862][  0]LogConfig: Setting CVar [[foliage.DensityScale:1.0]]
[2021.03.28-13.27.48:862][  0]LogConfig: Setting CVar [[grass.DensityScale:1.0]]
[2021.03.28-13.27.48:862][  0]LogConfig: Applying CVar settings from Section [ShadingQuality@3] File [C:/Users/zodia/OneDrive/Documents/GitHub/DES310-CardboardSword/DES310CardboardSword/Saved/Config/Windows/Scalability.ini]
[2021.03.28-13.27.48:862][  0]LogConfig: Setting CVar [[r.HairStrands.SkyLighting.SampleCount:16]]
[2021.03.28-13.27.48:862][  0]LogConfig: Setting CVar [[r.HairStrands.SkyLighting.JitterIntegration:0]]
[2021.03.28-13.27.48:862][  0]LogConfig: Setting CVar [[r.HairStrands.SkyAO.SampleCount:16]]
[2021.03.28-13.27.48:862][  0]LogInit: Selected Device Profile: [Windows]
[2021.03.28-13.27.48:863][  0]LogInit: Applying CVar settings loaded from the selected device profile: [Windows]
[2021.03.28-13.27.48:866][  0]LogHAL: Display: Platform has ~ 8 GB [8505876480 / 8589934592 / 8], which maps to Default [LargestMinGB=32, LargerMinGB=12, DefaultMinGB=8, SmallerMinGB=6, SmallestMinGB=0)
[2021.03.28-13.27.48:866][  0]LogInit: Going up to parent DeviceProfile []
[2021.03.28-13.27.48:866][  0]LogConfig: Applying CVar settings from Section [ViewDistanceQuality@3] File [C:/Users/zodia/OneDrive/Documents/GitHub/DES310-CardboardSword/DES310CardboardSword/Saved/Config/Windows/Scalability.ini]
[2021.03.28-13.27.48:866][  0]LogConfig: Setting CVar [[r.SkeletalMeshLODBias:0]]
[2021.03.28-13.27.48:866][  0]LogConfig: Setting CVar [[r.ViewDistanceScale:1.0]]
[2021.03.28-13.27.48:866][  0]LogConfig: Applying CVar settings from Section [AntiAliasingQuality@3] File [C:/Users/zodia/OneDrive/Documents/GitHub/DES310-CardboardSword/DES310CardboardSword/Saved/Config/Windows/Scalability.ini]
[2021.03.28-13.27.48:866][  0]LogConfig: Setting CVar [[r.PostProcessAAQuality:4]]
[2021.03.28-13.27.48:866][  0]LogConfig: Applying CVar settings from Section [ShadowQuality@3] File [C:/Users/zodia/OneDrive/Documents/GitHub/DES310-CardboardSword/DES310CardboardSword/Saved/Config/Windows/Scalability.ini]
[2021.03.28-13.27.48:866][  0]LogConfig: Setting CVar [[r.LightFunctionQuality:1]]
[2021.03.28-13.27.48:866][  0]LogConfig: Setting CVar [[r.ShadowQuality:5]]
[2021.03.28-13.27.48:866][  0]LogConfig: Setting CVar [[r.Shadow.CSM.MaxCascades:10]]
[2021.03.28-13.27.48:866][  0]LogConfig: Setting CVar [[r.Shadow.MaxResolution:2048]]
[2021.03.28-13.27.48:866][  0]LogConfig: Setting CVar [[r.Shadow.MaxCSMResolution:2048]]
[2021.03.28-13.27.48:866][  0]LogConfig: Setting CVar [[r.Shadow.RadiusThreshold:0.01]]
[2021.03.28-13.27.48:866][  0]LogConfig: Setting CVar [[r.Shadow.DistanceScale:1.0]]
[2021.03.28-13.27.48:866][  0]LogConfig: Setting CVar [[r.Shadow.CSM.TransitionScale:1.0]]
[2021.03.28-13.27.48:866][  0]LogConfig: Setting CVar [[r.Shadow.PreShadowResolutionFactor:1.0]]
[2021.03.28-13.27.48:866][  0]LogConfig: Setting CVar [[r.DistanceFieldShadowing:1]]
[2021.03.28-13.27.48:866][  0]LogConfig: Setting CVar [[r.DistanceFieldAO:1]]
[2021.03.28-13.27.48:866][  0]LogConfig: Setting CVar [[r.AOQuality:2]]
[2021.03.28-13.27.48:866][  0]LogConfig: Setting CVar [[r.VolumetricFog:1]]
[2021.03.28-13.27.48:866][  0]LogConfig: Setting CVar [[r.VolumetricFog.GridPixelSize:8]]
[2021.03.28-13.27.48:866][  0]LogConfig: Setting CVar [[r.VolumetricFog.GridSizeZ:128]]
[2021.03.28-13.27.48:866][  0]LogConfig: Setting CVar [[r.VolumetricFog.HistoryMissSupersampleCount:4]]
[2021.03.28-13.27.48:866][  0]LogConfig: Setting CVar [[r.LightMaxDrawDistanceScale:1]]
[2021.03.28-13.27.48:866][  0]LogConfig: Setting CVar [[r.CapsuleShadows:1]]
[2021.03.28-13.27.48:866][  0]LogConfig: Applying CVar settings from Section [PostProcessQuality@3] File [C:/Users/zodia/OneDrive/Documents/GitHub/DES310-CardboardSword/DES310CardboardSword/Saved/Config/Windows/Scalability.ini]
[2021.03.28-13.27.48:866][  0]LogConfig: Setting CVar [[r.MotionBlurQuality:4]]
[2021.03.28-13.27.48:866][  0]LogConfig: Setting CVar [[r.AmbientOcclusionMipLevelFactor:0.4]]
[2021.03.28-13.27.48:866][  0]LogConfig: Setting CVar [[r.AmbientOcclusionMaxQuality:100]]
[2021.03.28-13.27.48:866][  0]LogConfig: Setting CVar [[r.AmbientOcclusionLevels:-1]]
[2021.03.28-13.27.48:866][  0]LogConfig: Setting CVar [[r.AmbientOcclusionRadiusScale:1.0]]
[2021.03.28-13.27.48:866][  0]LogConfig: Setting CVar [[r.DepthOfFieldQuality:2]]
[2021.03.28-13.27.48:866][  0]LogConfig: Setting CVar [[r.RenderTargetPoolMin:400]]
[2021.03.28-13.27.48:866][  0]LogConfig: Setting CVar [[r.LensFlareQuality:2]]
[2021.03.28-13.27.48:866][  0]LogConfig: Setting CVar [[r.SceneColorFringeQuality:1]]
[2021.03.28-13.27.48:866][  0]LogConfig: Setting CVar [[r.EyeAdaptationQuality:2]]
[2021.03.28-13.27.48:866][  0]LogConfig: Setting CVar [[r.BloomQuality:5]]
[2021.03.28-13.27.48:866][  0]LogConfig: Setting CVar [[r.FastBlurThreshold:100]]
[2021.03.28-13.27.48:866][  0]LogConfig: Setting CVar [[r.Upscale.Quality:3]]
[2021.03.28-13.27.48:866][  0]LogConfig: Setting CVar [[r.Tonemapper.GrainQuantization:1]]
[2021.03.28-13.27.48:866][  0]LogConfig: Setting CVar [[r.LightShaftQuality:1]]
[2021.03.28-13.27.48:866][  0]LogConfig: Setting CVar [[r.Filter.SizeScale:1]]
[2021.03.28-13.27.48:866][  0]LogConfig: Setting CVar [[r.Tonemapper.Quality:5]]
[2021.03.28-13.27.48:866][  0]LogConfig: Setting CVar [[r.DOF.Gather.AccumulatorQuality:1        ; higher gathering accumulator quality]]
[2021.03.28-13.27.48:866][  0]LogConfig: Setting CVar [[r.DOF.Gather.PostfilterMethod:1          ; Median3x3 postfilering method]]
[2021.03.28-13.27.48:866][  0]LogConfig: Setting CVar [[r.DOF.Gather.EnableBokehSettings:0       ; no bokeh simulation when gathering]]
[2021.03.28-13.27.48:866][  0]LogConfig: Setting CVar [[r.DOF.Gather.RingCount:4                 ; medium number of samples when gathering]]
[2021.03.28-13.27.48:866][  0]LogConfig: Setting CVar [[r.DOF.Scatter.ForegroundCompositing:1    ; additive foreground scattering]]
[2021.03.28-13.27.48:866][  0]LogConfig: Setting CVar [[r.DOF.Scatter.BackgroundCompositing:2    ; additive background scattering]]
[2021.03.28-13.27.48:866][  0]LogConfig: Setting CVar [[r.DOF.Scatter.EnableBokehSettings:1      ; bokeh simulation when scattering]]
[2021.03.28-13.27.48:866][  0]LogConfig: Setting CVar [[r.DOF.Scatter.MaxSpriteRatio:0.1         ; only a maximum of 10% of scattered bokeh]]
[2021.03.28-13.27.48:867][  0]LogConfig: Setting CVar [[r.DOF.Recombine.Quality:1                ; cheap slight out of focus]]
[2021.03.28-13.27.48:867][  0]LogConfig: Setting CVar [[r.DOF.Recombine.EnableBokehSettings:0    ; no bokeh simulation on slight out of focus]]
[2021.03.28-13.27.48:867][  0]LogConfig: Setting CVar [[r.DOF.TemporalAAQuality:1                ; more stable temporal accumulation]]
[2021.03.28-13.27.48:867][  0]LogConfig: Setting CVar [[r.DOF.Kernel.MaxForegroundRadius:0.025]]
[2021.03.28-13.27.48:867][  0]LogConfig: Setting CVar [[r.DOF.Kernel.MaxBackgroundRadius:0.025]]
[2021.03.28-13.27.48:867][  0]LogConfig: Applying CVar settings from Section [TextureQuality@3] File [C:/Users/zodia/OneDrive/Documents/GitHub/DES310-CardboardSword/DES310CardboardSword/Saved/Config/Windows/Scalability.ini]
[2021.03.28-13.27.48:867][  0]LogConfig: Setting CVar [[r.Streaming.MipBias:0]]
[2021.03.28-13.27.48:867][  0]LogConfig: Setting CVar [[r.Streaming.AmortizeCPUToGPUCopy:0]]
[2021.03.28-13.27.48:867][  0]LogConfig: Setting CVar [[r.Streaming.MaxNumTexturesToStreamPerFrame:0]]
[2021.03.28-13.27.48:867][  0]LogConfig: Setting CVar [[r.Streaming.Boost:1]]
[2021.03.28-13.27.48:867][  0]LogConfig: Setting CVar [[r.MaxAnisotropy:8]]
[2021.03.28-13.27.48:867][  0]LogConfig: Setting CVar [[r.VT.MaxAnisotropy:8]]
[2021.03.28-13.27.48:867][  0]LogConfig: Setting CVar [[r.Streaming.LimitPoolSizeToVRAM:0]]
[2021.03.28-13.27.48:867][  0]LogConfig: Setting CVar [[r.Streaming.PoolSize:1000]]
[2021.03.28-13.27.48:867][  0]LogConfig: Setting CVar [[r.Streaming.MaxEffectiveScreenSize:0]]
[2021.03.28-13.27.48:867][  0]LogConfig: Applying CVar settings from Section [EffectsQuality@3] File [C:/Users/zodia/OneDrive/Documents/GitHub/DES310-CardboardSword/DES310CardboardSword/Saved/Config/Windows/Scalability.ini]
[2021.03.28-13.27.48:867][  0]LogConfig: Setting CVar [[r.TranslucencyLightingVolumeDim:64]]
[2021.03.28-13.27.48:867][  0]LogConfig: Setting CVar [[r.RefractionQuality:2]]
[2021.03.28-13.27.48:867][  0]LogConfig: Setting CVar [[r.SSR.Quality:3]]
[2021.03.28-13.27.48:867][  0]LogConfig: Setting CVar [[r.SSR.HalfResSceneColor:0]]
[2021.03.28-13.27.48:867][  0]LogConfig: Setting CVar [[r.SceneColorFormat:4]]
[2021.03.28-13.27.48:867][  0]LogConfig: Setting CVar [[r.DetailMode:2]]
[2021.03.28-13.27.48:867][  0]LogConfig: Setting CVar [[r.TranslucencyVolumeBlur:1]]
[2021.03.28-13.27.48:867][  0]LogConfig: Setting CVar [[r.MaterialQualityLevel:1 ; High quality]]
[2021.03.28-13.27.48:867][  0]LogConfig: Setting CVar [[r.SSS.Scale:1]]
[2021.03.28-13.27.48:867][  0]LogConfig: Setting CVar [[r.SSS.SampleSet:2]]
[2021.03.28-13.27.48:867][  0]LogConfig: Setting CVar [[r.SSS.Quality:1]]
[2021.03.28-13.27.48:867][  0]LogConfig: Setting CVar [[r.SSS.HalfRes:1]]
[2021.03.28-13.27.48:867][  0]LogConfig: Setting CVar [[r.SSGI.Quality:3]]
[2021.03.28-13.27.48:867][  0]LogConfig: Setting CVar [[r.EmitterSpawnRateScale:1.0]]
[2021.03.28-13.27.48:867][  0]LogConfig: Setting CVar [[r.ParticleLightQuality:2]]
[2021.03.28-13.27.48:867][  0]LogConfig: Setting CVar [[r.SkyAtmosphere.AerialPerspectiveLUT.FastApplyOnOpaque:1 ; Always have FastSkyLUT 1 in this case to avoid wrong sky]]
[2021.03.28-13.27.48:867][  0]LogConfig: Setting CVar [[r.SkyAtmosphere.AerialPerspectiveLUT.SampleCountPerSlice:1]]
[2021.03.28-13.27.48:867][  0]LogConfig: Setting CVar [[r.SkyAtmosphere.AerialPerspectiveLUT.DepthResolution:16.0]]
[2021.03.28-13.27.48:867][  0]LogConfig: Setting CVar [[r.SkyAtmosphere.FastSkyLUT:1]]
[2021.03.28-13.27.48:867][  0]LogConfig: Setting CVar [[r.SkyAtmosphere.FastSkyLUT.SampleCountMin:4.0]]
[2021.03.28-13.27.48:867][  0]LogConfig: Setting CVar [[r.SkyAtmosphere.FastSkyLUT.SampleCountMax:32.0]]
[2021.03.28-13.27.48:867][  0]LogConfig: Setting CVar [[r.SkyAtmosphere.SampleCountMin:4.0]]
[2021.03.28-13.27.48:867][  0]LogConfig: Setting CVar [[r.SkyAtmosphere.SampleCountMax:32.0]]
[2021.03.28-13.27.48:867][  0]LogConfig: Setting CVar [[r.SkyAtmosphere.TransmittanceLUT.UseSmallFormat:0]]
[2021.03.28-13.27.48:867][  0]LogConfig: Setting CVar [[r.SkyAtmosphere.TransmittanceLUT.SampleCount:10.0]]
[2021.03.28-13.27.48:867][  0]LogConfig: Setting CVar [[r.SkyAtmosphere.MultiScatteringLUT.SampleCount:15.0]]
[2021.03.28-13.27.48:867][  0]LogConfig: Applying CVar settings from Section [FoliageQuality@3] File [C:/Users/zodia/OneDrive/Documents/GitHub/DES310-CardboardSword/DES310CardboardSword/Saved/Config/Windows/Scalability.ini]
[2021.03.28-13.27.48:867][  0]LogConfig: Setting CVar [[foliage.DensityScale:1.0]]
[2021.03.28-13.27.48:867][  0]LogConfig: Setting CVar [[grass.DensityScale:1.0]]
[2021.03.28-13.27.48:867][  0]LogConfig: Applying CVar settings from Section [ShadingQuality@3] File [C:/Users/zodia/OneDrive/Documents/GitHub/DES310-CardboardSword/DES310CardboardSword/Saved/Config/Windows/Scalability.ini]
[2021.03.28-13.27.48:867][  0]LogConfig: Setting CVar [[r.HairStrands.SkyLighting.SampleCount:16]]
[2021.03.28-13.27.48:867][  0]LogConfig: Setting CVar [[r.HairStrands.SkyLighting.JitterIntegration:0]]
[2021.03.28-13.27.48:867][  0]LogConfig: Setting CVar [[r.HairStrands.SkyAO.SampleCount:16]]
[2021.03.28-13.27.48:867][  0]LogConfig: Applying CVar settings from Section [Startup] File [../../../Engine/Config/ConsoleVariables.ini]
[2021.03.28-13.27.48:868][  0]LogConfig: Setting CVar [[net.UseAdaptiveNetUpdateFrequency:0]]
[2021.03.28-13.27.48:868][  0]LogConfig: Setting CVar [[p.chaos.AllowCreatePhysxBodies:1]]
[2021.03.28-13.27.48:868][  0]LogConfig: Applying CVar settings from Section [ConsoleVariables] File [C:/Users/zodia/OneDrive/Documents/GitHub/DES310-CardboardSword/DES310CardboardSword/Saved/Config/Windows/Engine.ini]
[2021.03.28-13.27.48:868][  0]LogInit: Computer: DESKTOP-NOMG3TS
[2021.03.28-13.27.48:868][  0]LogInit: User: zodia
[2021.03.28-13.27.48:868][  0]LogInit: CPU Page size=4096, Cores=4
[2021.03.28-13.27.48:868][  0]LogInit: High frequency timer resolution =10.000000 MHz
[2021.03.28-13.27.48:868][  0]LogMemory: Memory total: Physical=7.9GB (8GB approx)
[2021.03.28-13.27.48:868][  0]LogMemory: Platform Memory Stats for Windows
[2021.03.28-13.27.48:868][  0]LogMemory: Process Physical Memory: 105.20 MB used, 105.20 MB peak
[2021.03.28-13.27.48:868][  0]LogMemory: Process Virtual Memory: 100.39 MB used, 100.39 MB peak
[2021.03.28-13.27.48:868][  0]LogMemory: Physical Memory: 4263.21 MB used,  3848.63 MB free, 8111.84 MB total
[2021.03.28-13.27.48:868][  0]LogMemory: Virtual Memory: 5137.66 MB used,  134212592.00 MB free, 134217728.00 MB total
[2021.03.28-13.27.49:290][  0]LogWindows: WindowsPlatformFeatures enabled
[2021.03.28-13.27.49:315][  0]LogInit: Using OS detected language (en-GB).
[2021.03.28-13.27.49:315][  0]LogInit: Using OS detected locale (en-GB).
[2021.03.28-13.27.49:315][  0]LogTextLocalizationManager: No specific localization for 'en-GB' exists, so the 'en' localization will be used.
[2021.03.28-13.27.49:535][  0]LogInit: Setting process to per monitor DPI aware
[2021.03.28-13.27.49:589][  0]LogSlate: New Slate User Created.  User Index 0, Is Virtual User: 0
[2021.03.28-13.27.49:589][  0]LogSlate: Slate User Registered.  User Index 0, Is Virtual User: 0
[2021.03.28-13.27.49:860][  0]LogHMD: Failed to initialize OpenVR with code 110
[2021.03.28-13.27.49:860][  0]LogD3D11RHI: D3D11 min allowed feature level: 11_0
[2021.03.28-13.27.49:860][  0]LogD3D11RHI: D3D11 max allowed feature level: 11_0
[2021.03.28-13.27.49:860][  0]LogD3D11RHI: D3D11 adapters:
[2021.03.28-13.27.49:951][  0]LogD3D11RHI:    0. 'NVIDIA GeForce GTX 1050 Ti' (Feature Level 11_0)
[2021.03.28-13.27.49:951][  0]LogD3D11RHI:       2009/0/4055 MB DedicatedVideo/DedicatedSystem/SharedSystem, Outputs:1, VendorId:0x10de
[2021.03.28-13.27.49:965][  0]LogD3D11RHI:    1. 'Intel(R) HD Graphics 630' (Feature Level 11_0)
[2021.03.28-13.27.49:965][  0]LogD3D11RHI:       128/0/4055 MB DedicatedVideo/DedicatedSystem/SharedSystem, Outputs:0, VendorId:0x8086
[2021.03.28-13.27.49:970][  0]LogD3D11RHI:    2. 'Microsoft Basic Render Driver' (Feature Level 11_0)
[2021.03.28-13.27.49:970][  0]LogD3D11RHI:       0/0/4055 MB DedicatedVideo/DedicatedSystem/SharedSystem, Outputs:0, VendorId:0x1414
[2021.03.28-13.27.49:970][  0]LogD3D11RHI: Chosen D3D11 Adapter: 0
[2021.03.28-13.27.50:012][  0]LogD3D11RHI: Creating new Direct3DDevice
[2021.03.28-13.27.50:012][  0]LogD3D11RHI:     GPU DeviceId: 0x1c8c (for the marketing name, search the web for "GPU Device Id")
[2021.03.28-13.27.50:012][  0]LogWindows: EnumDisplayDevices:
[2021.03.28-13.27.50:013][  0]LogWindows:    0. 'Intel(R) HD Graphics 630' (P:1 D:1)
[2021.03.28-13.27.50:013][  0]LogWindows:    1. 'Intel(R) HD Graphics 630' (P:0 D:0)
[2021.03.28-13.27.50:014][  0]LogWindows:    2. 'Intel(R) HD Graphics 630' (P:0 D:0)
[2021.03.28-13.27.50:014][  0]LogWindows: DebugString: PrimaryIsNotTheChoosenAdapter PrimaryIsNotTheChoosenAdapter PrimaryIsNotTheChoosenAdapter FoundDriverCount:0 
[2021.03.28-13.27.50:014][  0]LogD3D11RHI:     Adapter Name: NVIDIA GeForce GTX 1050 Ti
[2021.03.28-13.27.50:014][  0]LogD3D11RHI:   Driver Version: Unknown (internal:Unknown, unified:Unknown)
[2021.03.28-13.27.50:014][  0]LogD3D11RHI:      Driver Date: Unknown
[2021.03.28-13.27.50:014][  0]LogRHI: Texture pool is 1406 MB (70% of 2009 MB)
[2021.03.28-13.27.50:049][  0]LogD3D11RHI: RHI does not have support for 64 bit atomics
[2021.03.28-13.27.50:049][  0]LogD3D11RHI: Async texture creation enabled
[2021.03.28-13.27.50:066][  0]LogD3D11RHI: GPU Timing Frequency: 1000.000000 (Debug: 2 1)
[2021.03.28-13.27.50:568][  0]LogTargetPlatformManager: Display: Loaded TargetPlatform 'AllDesktop'
[2021.03.28-13.27.50:633][  0]LogTargetPlatformManager: Display: Loaded TargetPlatform 'Android'
[2021.03.28-13.27.50:633][  0]LogTargetPlatformManager: Display: Loaded TargetPlatform 'Android_ASTC'
[2021.03.28-13.27.50:633][  0]LogTargetPlatformManager: Display: Loaded TargetPlatform 'Android_ATC'
[2021.03.28-13.27.50:634][  0]LogTargetPlatformManager: Display: Loaded TargetPlatform 'Android_DXT'
[2021.03.28-13.27.50:634][  0]LogTargetPlatformManager: Display: Loaded TargetPlatform 'Android_ETC1'
[2021.03.28-13.27.50:634][  0]LogTargetPlatformManager: Display: Loaded TargetPlatform 'Android_ETC1a'
[2021.03.28-13.27.50:634][  0]LogTargetPlatformManager: Display: Loaded TargetPlatform 'Android_ETC2'
[2021.03.28-13.27.50:634][  0]LogTargetPlatformManager: Display: Loaded TargetPlatform 'Android_PVRTC'
[2021.03.28-13.27.50:634][  0]LogTargetPlatformManager: Display: Loaded TargetPlatform 'AndroidClient'
[2021.03.28-13.27.50:634][  0]LogTargetPlatformManager: Display: Loaded TargetPlatform 'Android_ASTCClient'
[2021.03.28-13.27.50:634][  0]LogTargetPlatformManager: Display: Loaded TargetPlatform 'Android_ATCClient'
[2021.03.28-13.27.50:634][  0]LogTargetPlatformManager: Display: Loaded TargetPlatform 'Android_DXTClient'
[2021.03.28-13.27.50:634][  0]LogTargetPlatformManager: Display: Loaded TargetPlatform 'Android_ETC1Client'
[2021.03.28-13.27.50:634][  0]LogTargetPlatformManager: Display: Loaded TargetPlatform 'Android_ETC1aClient'
[2021.03.28-13.27.50:634][  0]LogTargetPlatformManager: Display: Loaded TargetPlatform 'Android_ETC2Client'
[2021.03.28-13.27.50:634][  0]LogTargetPlatformManager: Display: Loaded TargetPlatform 'Android_PVRTCClient'
[2021.03.28-13.27.50:634][  0]LogTargetPlatformManager: Display: Loaded TargetPlatform 'Android_Multi'
[2021.03.28-13.27.50:634][  0]LogTargetPlatformManager: Display: Loaded TargetPlatform 'Android_MultiClient'
[2021.03.28-13.27.50:668][  0]LogTargetPlatformManager: Display: Loaded TargetPlatform 'IOSClient'
[2021.03.28-13.27.50:668][  0]LogTargetPlatformManager: Display: Loaded TargetPlatform 'IOS'
[2021.03.28-13.27.50:681][  0]LogTargetPlatformManager: Display: Loaded TargetPlatform 'LinuxNoEditor'
[2021.03.28-13.27.50:693][  0]LogTargetPlatformManager: Display: Loaded TargetPlatform 'LinuxClient'
[2021.03.28-13.27.50:706][  0]LogTargetPlatformManager: Display: Loaded TargetPlatform 'LinuxServer'
[2021.03.28-13.27.50:719][  0]LogTargetPlatformManager: Display: Loaded TargetPlatform 'LinuxAArch64NoEditor'
[2021.03.28-13.27.50:731][  0]LogTargetPlatformManager: Display: Loaded TargetPlatform 'LinuxAArch64Client'
[2021.03.28-13.27.50:744][  0]LogTargetPlatformManager: Display: Loaded TargetPlatform 'LinuxAArch64Server'
[2021.03.28-13.27.50:790][  0]LogTargetPlatformManager: Display: Loaded TargetPlatform 'Lumin'
[2021.03.28-13.27.50:790][  0]LogTargetPlatformManager: Display: Loaded TargetPlatform 'LuminClient'
[2021.03.28-13.27.50:814][  0]LogTargetPlatformManager: Display: Loaded TargetPlatform 'TVOSClient'
[2021.03.28-13.27.50:814][  0]LogTargetPlatformManager: Display: Loaded TargetPlatform 'TVOS'
[2021.03.28-13.27.50:830][  0]LogTargetPlatformManager: Display: Loaded TargetPlatform 'WindowsNoEditor'
[2021.03.28-13.27.50:844][  0]LogTargetPlatformManager: Display: Loaded TargetPlatform 'Windows'
[2021.03.28-13.27.50:857][  0]LogTargetPlatformManager: Display: Loaded TargetPlatform 'WindowsClient'
[2021.03.28-13.27.50:870][  0]LogTargetPlatformManager: Display: Loaded TargetPlatform 'WindowsServer'
[2021.03.28-13.27.50:870][  0]LogTargetPlatformManager: Display: Building Assets For Windows
[2021.03.28-13.27.50:876][  0]LogAudioDebug: Display: Lib vorbis DLL was dynamically loaded.
[2021.03.28-13.27.50:923][  0]LogShaderCompilers: Guid format shader working directory is -52 characters bigger than the processId version (../../../../../../Users/zodia/OneDrive/Documents/GitHub/DES310-CardboardSword/DES310CardboardSword/Intermediate/Shaders/WorkingDirectory/4488/).
[2021.03.28-13.27.50:923][  0]LogShaderCompilers: Cleaned the shader compiler working directory 'C:/Users/zodia/AppData/Local/Temp/UnrealShaderWorkingDir/F9788A15410300851151AE84B11009A1/'.
[2021.03.28-13.27.50:924][  0]LogXGEController: Cannot use XGE Controller as Incredibuild is not installed on this machine.
[2021.03.28-13.27.50:924][  0]LogShaderCompilers: Cannot use XGE Shader Compiler as Incredibuild is not installed on this machine.
[2021.03.28-13.27.50:924][  0]LogShaderCompilers: Display: Using Local Shader Compiler.
[2021.03.28-13.27.52:104][  0]LogDerivedDataCache: Display: Max Cache Size: 512 MB
[2021.03.28-13.27.52:189][  0]LogDerivedDataCache: Loaded boot cache 0.09s 78MB C:/Users/zodia/AppData/Local/UnrealEngine/4.24/DerivedDataCache/Boot.ddc.
[2021.03.28-13.27.52:189][  0]LogDerivedDataCache: Display: Loaded Boot cache: C:/Users/zodia/AppData/Local/UnrealEngine/4.24/DerivedDataCache/Boot.ddc
[2021.03.28-13.27.52:189][  0]LogDerivedDataCache: FDerivedDataBackendGraph:  Pak pak cache file ../../../../../../Users/zodia/OneDrive/Documents/GitHub/DES310-CardboardSword/DES310CardboardSword/DerivedDataCache/DDC.ddp not found, will not use a pak cache.
[2021.03.28-13.27.52:189][  0]LogDerivedDataCache: Unable to find inner node Pak for hierarchical cache Hierarchy.
[2021.03.28-13.27.52:189][  0]LogDerivedDataCache: FDerivedDataBackendGraph:  CompressedPak pak cache file ../../../../../../Users/zodia/OneDrive/Documents/GitHub/DES310-CardboardSword/DES310CardboardSword/DerivedDataCache/Compressed.ddp not found, will not use a pak cache.
[2021.03.28-13.27.52:189][  0]LogDerivedDataCache: Unable to find inner node CompressedPak for hierarchical cache Hierarchy.
[2021.03.28-13.27.52:202][  0]LogDerivedDataCache: Display: Pak cache opened for reading ../../../Engine/DerivedDataCache/Compressed.ddp.
[2021.03.28-13.27.52:203][  0]LogDerivedDataCache: FDerivedDataBackendGraph:  EnterprisePak pak cache file ../../../Enterprise/DerivedDataCache/Compressed.ddp not found, will not use a pak cache.
[2021.03.28-13.27.52:203][  0]LogDerivedDataCache: Unable to find inner node EnterprisePak for hierarchical cache Hierarchy.
[2021.03.28-13.27.52:204][  0]LogDerivedDataCache: Using Local data cache path C:/Users/zodia/AppData/Local/UnrealEngine/Common/DerivedDataCache: Writable
[2021.03.28-13.27.52:204][  0]LogDerivedDataCache: Shared data cache path not found in *engine.ini, will not use an Shared cache.
[2021.03.28-13.27.52:204][  0]LogDerivedDataCache: Unable to find inner node Shared for hierarchical cache Hierarchy.
[2021.03.28-13.27.52:246][  0]LogMaterial: Verifying Global Shaders for PCD3D_SM5
[2021.03.28-13.27.52:249][  0]LogSlate: Using FreeType 2.10.0
[2021.03.28-13.27.52:250][  0]LogSlate: SlateFontServices - WITH_FREETYPE: 1, WITH_HARFBUZZ: 1
[2021.03.28-13.27.52:308][  0]LogAssetRegistry: FAssetRegistry took 0.0025 seconds to start up
[2021.03.28-13.27.52:673][  0]LogInit: Selected Device Profile: [Windows]
[2021.03.28-13.27.52:891][  0]LogMeshReduction: Using QuadricMeshReduction for automatic static mesh reduction
[2021.03.28-13.27.52:891][  0]LogMeshReduction: Using SimplygonMeshReduction for automatic skeletal mesh reduction
[2021.03.28-13.27.52:891][  0]LogMeshReduction: Using ProxyLODMeshReduction for automatic mesh merging
[2021.03.28-13.27.52:891][  0]LogMeshReduction: No distributed automatic mesh merging module available
[2021.03.28-13.27.52:891][  0]LogMeshMerging: No distributed automatic mesh merging module available
[2021.03.28-13.27.52:905][  0]LogNetVersion: DES310CardboardSword 1.0.0, NetCL: 10570792, EngineNetVer: 13, GameNetVer: 0 (Checksum: 2930664652)
[2021.03.28-13.27.54:180][  0]LogPackageLocalizationCache: Processed 10 localized package path(s) for 1 prioritized culture(s) in 0.073361 seconds
[2021.03.28-13.27.54:188][  0]LogUObjectArray: 46750 objects as part of root set at end of initial load.
[2021.03.28-13.27.54:188][  0]LogUObjectAllocator: 8137160 out of 0 bytes used by permanent object pool.
[2021.03.28-13.27.54:188][  0]LogUObjectArray: CloseDisregardForGC: 0/0 objects in disregard for GC pool
[2021.03.28-13.27.54:704][  0]LogTcpMessaging: Initializing TcpMessaging bridge
[2021.03.28-13.27.54:707][  0]LogUdpMessaging: Initializing bridge on interface 0.0.0.0:0 to multicast group 230.0.0.1:6666.
[2021.03.28-13.27.54:774][  0]SourceControl: Source control is disabled
[2021.03.28-13.27.54:774][  0]SourceControl: Source control is disabled
[2021.03.28-13.27.54:775][  0]SourceControl: Source control is disabled
[2021.03.28-13.27.54:777][  0]SourceControl: Source control is disabled
[2021.03.28-13.27.54:778][  0]SourceControl: Source control is disabled
[2021.03.28-13.27.54:902][  0]LogAndroidPermission: UAndroidPermissionCallbackProxy::GetInstance
[2021.03.28-13.27.54:922][  0]LogAudioCaptureCore: Display: No Audio Capture implementations found. Audio input will be silent.
[2021.03.28-13.27.54:922][  0]LogAudioCaptureCore: Display: No Audio Capture implementations found. Audio input will be silent.
[2021.03.28-13.27.55:037][  0]LogOcInput: OculusInput pre-init called
[2021.03.28-13.27.55:048][  0]LogWindows: Failed to load 'OVRPlugin.dll' (GetLastError=126)
[2021.03.28-13.27.55:048][  0]LogWindows: File 'OVRPlugin.dll' does not exist
[2021.03.28-13.27.55:133][  0]LogEngine: Initializing Engine...
[2021.03.28-13.27.55:134][  0]LogHMD: Failed to initialize OpenVR with code 110
[2021.03.28-13.27.55:135][  0]LogStats: UGameplayTagsManager::InitializeManager -  0.000 s
[2021.03.28-13.27.55:560][  0]LogInit: Initializing FReadOnlyCVARCache
[2021.03.28-13.27.55:570][  0]LogAIModule: Creating AISystem for world Untitled
[2021.03.28-13.27.55:580][  0]LogAudioMixer: Display: Audio Mixer Platform Settings:
[2021.03.28-13.27.55:580][  0]LogAudioMixer: Display: 	Sample Rate:						  48000
[2021.03.28-13.27.55:580][  0]LogAudioMixer: Display: 	Callback Buffer Frame Size Requested: 1024
[2021.03.28-13.27.55:580][  0]LogAudioMixer: Display: 	Callback Buffer Frame Size To Use:	  1024
[2021.03.28-13.27.55:580][  0]LogAudioMixer: Display: 	Number of buffers to queue:			  2
[2021.03.28-13.27.55:580][  0]LogAudioMixer: Display: 	Max Channels (voices):				  32
[2021.03.28-13.27.55:580][  0]LogAudioMixer: Display: 	Number of Async Source Workers:		  0
[2021.03.28-13.27.55:580][  0]LogAudio: Display: AudioDevice MaxSources: 32
[2021.03.28-13.27.55:581][  0]LogAudio: Display: Using built-in audio occlusion.
[2021.03.28-13.27.55:581][  0]LogAudioMixer: Display: Initializing audio mixer.
[2021.03.28-13.27.55:612][  0]LogAudioMixer: Display: Audio Device Output Speaker Info:
[2021.03.28-13.27.55:612][  0]LogAudioMixer: Display: Name: Speakers (Realtek High Definition Audio)
[2021.03.28-13.27.55:612][  0]LogAudioMixer: Display: Is Default: Yes
[2021.03.28-13.27.55:612][  0]LogAudioMixer: Display: Sample Rate: 48000
[2021.03.28-13.27.55:612][  0]LogAudioMixer: Display: Channel Count Used: 8
[2021.03.28-13.27.55:612][  0]LogAudioMixer: Display: Device Channel Count: 8
[2021.03.28-13.27.55:612][  0]LogAudioMixer: Display: Channel Order:
[2021.03.28-13.27.55:612][  0]LogAudioMixer: Display: 0: FrontLeft
[2021.03.28-13.27.55:612][  0]LogAudioMixer: Display: 1: FrontRight
[2021.03.28-13.27.55:612][  0]LogAudioMixer: Display: 2: FrontCenter
[2021.03.28-13.27.55:612][  0]LogAudioMixer: Display: 3: LowFrequency
[2021.03.28-13.27.55:612][  0]LogAudioMixer: Display: 4: BackLeft
[2021.03.28-13.27.55:612][  0]LogAudioMixer: Display: 5: BackRight
[2021.03.28-13.27.55:612][  0]LogAudioMixer: Display: 6: SideLeft
[2021.03.28-13.27.55:612][  0]LogAudioMixer: Display: 7: SideRight
[2021.03.28-13.27.55:762][  0]LogAudioMixer: Display: Using Audio Device Speakers (Realtek High Definition Audio)
[2021.03.28-13.27.55:767][  0]LogInit: FAudioDevice initialized.
[2021.03.28-13.27.55:768][  0]LogNetVersion: Set ProjectVersion to 1.0.0.0. Version Checksum will be recalculated on next use.
[2021.03.28-13.27.55:847][  0]LogDerivedDataCache: Saved boot cache 0.08s 78MB C:/Users/zodia/AppData/Local/UnrealEngine/4.24/DerivedDataCache/Boot.ddc.
[2021.03.28-13.27.55:852][  0]LogInit: Texture streaming: Enabled
[2021.03.28-13.27.55:862][  0]LogEngineSessionManager: EngineSessionManager initialized
[2021.03.28-13.27.55:862][  0]LogEditorSessionSummary: Verbose: Initializing EditorSessionSummaryWriter for editor session tracking
[2021.03.28-13.27.55:864][  0]LogEditorSessionSummary: EditorSessionSummaryWriter initialized
[2021.03.28-13.27.55:949][  0]LogInit: Transaction tracking system initialized
[2021.03.28-13.27.55:961][  0]BlueprintLog: New page: Editor Load
[2021.03.28-13.27.56:002][  0]LocalizationService: Localization service is disabled
[2021.03.28-13.27.56:347][  0]LogFileCache: Scanning file cache for directory 'C:/Users/zodia/OneDrive/Documents/GitHub/DES310-CardboardSword/DES310CardboardSword/Content/' took 0.01s
[2021.03.28-13.27.56:347][  0]LogCook: Display: Max memory allowance for cook 16384mb min free memory 0mb
[2021.03.28-13.27.56:347][  0]LogCook: Display: Mobile HDR setting 1
[2021.03.28-13.27.57:078][  0]SourceControl: Source control is disabled
[2021.03.28-13.27.57:087][  0]LightingResults: New page: Lighting Build
[2021.03.28-13.27.57:088][  0]LogWorld: UWorld::CleanupWorld for Untitled, bSessionEnded=true, bCleanupResources=true
[2021.03.28-13.27.57:088][  0]LogSlate: InvalidateAllWidgets triggered.  All widgets were invalidated
[2021.03.28-13.27.57:088][  0]MapCheck: New page: Map Check
[2021.03.28-13.27.57:088][  0]LightingResults: New page: Lighting Build
[2021.03.28-13.27.57:116][  0]LogUObjectHash: Compacting FUObjectHashTables data took   1.83ms
[2021.03.28-13.27.57:321][  0]LogLinker: Warning: While loading '../../../../../../Users/zodia/OneDrive/Documents/GitHub/DES310-CardboardSword/DES310CardboardSword/Content/Ferryman/assets/boat.uasset' failed to load '/Game/_null_': Can't find file.
[2021.03.28-13.27.57:321][  0]LogLinker: Warning: While loading '../../../../../../Users/zodia/OneDrive/Documents/GitHub/DES310-CardboardSword/DES310CardboardSword/Content/Ferryman/assets/boat.uasset' failed to load '/Game/_null_': Can't find file.
[2021.03.28-13.27.57:322][  0]LogLinker: Warning: While loading '../../../../../../Users/zodia/OneDrive/Documents/GitHub/DES310-CardboardSword/DES310CardboardSword/Content/Ferryman/assets/boat.uasset' failed to load '/Game/_null_': Can't find file.
[2021.03.28-13.27.57:322][  0]LogLinker: Warning: While loading '../../../../../../Users/zodia/OneDrive/Documents/GitHub/DES310-CardboardSword/DES310CardboardSword/Content/Ferryman/assets/boat.uasset' failed to load '/Game/_null_': Can't find file.
[2021.03.28-13.27.57:657][  0]LogLinker: Warning: While loading '../../../../../../Users/zodia/OneDrive/Documents/GitHub/DES310-CardboardSword/DES310CardboardSword/Content/Ferryman/assets/boat.uasset' failed to load '/Game/_null_': Can't find file.
[2021.03.28-13.27.57:657][  0]LoadErrors: Failed to load /Game/_null_._null_ Referenced by boat
[2021.03.28-13.27.57:657][  0]LogLinker: Warning: While loading '../../../../../../Users/zodia/OneDrive/Documents/GitHub/DES310-CardboardSword/DES310CardboardSword/Content/Ferryman/assets/boat.uasset' failed to load '/Game/_null_': Can't find file.
[2021.03.28-13.27.57:657][  0]LoadErrors: Failed to load /Game/_null_._null_ Referenced by boat
[2021.03.28-13.27.57:657][  0]LogLinker: Warning: While loading '../../../../../../Users/zodia/OneDrive/Documents/GitHub/DES310-CardboardSword/DES310CardboardSword/Content/Ferryman/assets/boat.uasset' failed to load '/Game/_null_': Can't find file.
[2021.03.28-13.27.57:657][  0]LoadErrors: Failed to load /Game/_null_._null_ Referenced by boat
[2021.03.28-13.27.57:658][  0]LogLinker: Warning: While loading '../../../../../../Users/zodia/OneDrive/Documents/GitHub/DES310-CardboardSword/DES310CardboardSword/Content/Ferryman/assets/boat.uasset' failed to load '/Game/_null_': Can't find file.
[2021.03.28-13.27.57:658][  0]LoadErrors: Failed to load /Game/_null_._null_ Referenced by boat
[2021.03.28-13.27.57:813][  0]LogAIModule: Creating AISystem for world ThirdPersonExampleMap
[2021.03.28-13.27.57:816][  0]LogEditorServer: Finished looking for orphan Actors (0.000 secs)
[2021.03.28-13.27.57:844][  0]LogUObjectHash: Compacting FUObjectHashTables data took   2.05ms
[2021.03.28-13.27.57:844][  0]Cmd: MAP CHECKDEP NOCLEARLOG
[2021.03.28-13.27.57:844][  0]MapCheck: Map check complete: 0 Error(s), 0 Warning(s), took 0.175ms to complete.
[2021.03.28-13.27.57:844][  0]LogFileHelpers: Loading map 'ThirdPersonExampleMap' took 0.765
[2021.03.28-13.27.58:038][  0]LogSlate: Updating window title bar state: overlay mode, drag disabled, window buttons hidden, title bar hidden
[2021.03.28-13.27.58:046][  0]LogSlate: Updating window title bar state: overlay mode, drag disabled, window buttons hidden, title bar hidden
[2021.03.28-13.27.58:053][  0]LogSlate: Updating window title bar state: overlay mode, drag disabled, window buttons hidden, title bar hidden
[2021.03.28-13.27.58:061][  0]LogSlate: Updating window title bar state: overlay mode, drag disabled, window buttons hidden, title bar hidden
[2021.03.28-13.27.58:078][  0]LogCollectionManager: Loaded 0 collections in 0.002120 seconds
[2021.03.28-13.27.58:106][  0]LogFileCache: Scanning file cache for directory 'C:/Users/zodia/OneDrive/Documents/GitHub/DES310-CardboardSword/DES310CardboardSword/Saved/Collections/' took 0.00s
[2021.03.28-13.27.58:106][  0]LogFileCache: Scanning file cache for directory 'C:/Users/zodia/OneDrive/Documents/GitHub/DES310-CardboardSword/DES310CardboardSword/Content/Developers/zodia/Collections/' took 0.00s
[2021.03.28-13.27.58:106][  0]LogFileCache: Scanning file cache for directory 'C:/Users/zodia/OneDrive/Documents/GitHub/DES310-CardboardSword/DES310CardboardSword/Content/Collections/' took 0.00s
[2021.03.28-13.27.58:106][  0]LogContentBrowser: Native class hierarchy populated in 0.0089 seconds. Added 3015 classes and 717 folders.
[2021.03.28-13.27.58:113][  0]LogContentBrowser: Native class hierarchy updated for 'WidgetCarousel' in 0.0003 seconds. Added 0 classes and 0 folders.
[2021.03.28-13.27.58:584][  0]LogContentBrowser: Native class hierarchy updated for 'AddContentDialog' in 0.0002 seconds. Added 0 classes and 0 folders.
[2021.03.28-13.27.58:597][  0]LogContentBrowser: Native class hierarchy updated for 'SceneOutliner' in 0.0003 seconds. Added 2 classes and 3 folders.
[2021.03.28-13.27.58:682][  0]LogSlate: Took 0.000206 seconds to synchronously load lazily loaded font '../../../Engine/Content/Slate/Fonts/Roboto-Regular.ttf' (155K)
[2021.03.28-13.27.58:688][  0]LogSlate: Took 0.000247 seconds to synchronously load lazily loaded font '../../../Engine/Content/Slate/Fonts/Roboto-Bold.ttf' (160K)
[2021.03.28-13.27.58:707][  0]LogSlate: Took 0.013027 seconds to synchronously load lazily loaded font '../../../Engine/Content/Editor/Slate/Fonts/FontAwesome.ttf' (139K)
[2021.03.28-13.27.58:910][  0]LogRenderer: Reallocating scene render targets to support 1208x572 Format 10 NumSamples 1 (Frame:1).
[2021.03.28-13.27.59:164][  0]LogSlate: Window 'Tutorials' being destroyed
[2021.03.28-13.27.59:176][  0]LogContentBrowser: Native class hierarchy updated for 'HierarchicalLODOutliner' in 0.0002 seconds. Added 0 classes and 0 folders.
[2021.03.28-13.27.59:176][  0]LogLoad: (Engine Initialization) Total time: 12.00 seconds
[2021.03.28-13.27.59:176][  0]LogLoad: (Engine Initialization) Total Blueprint compile time: 0.00 seconds
[2021.03.28-13.27.59:241][  0]LogContentStreaming: Texture pool size now 1000 MB
[2021.03.28-13.27.59:372][  0]LogSlate: Took 0.008185 seconds to synchronously load lazily loaded font '../../../Engine/Content/Slate/Fonts/Roboto-Light.ttf' (167K)
[2021.03.28-13.27.59:686][  4]LogAssetRegistry: Asset discovery search completed in 7.3796 seconds
[2021.03.28-13.27.59:691][  4]LogCollectionManager: Fixed up redirectors for 0 collections in 0.000010 seconds (updated 0 objects)
[2021.03.28-13.28.00:246][ 31]LogSlate: Took 0.000254 seconds to synchronously load lazily loaded font '../../../Engine/Content/Slate/Fonts/Roboto-Light.ttf' (167K)
[2021.03.28-13.28.01:962][111]LogSlate: Window 'Message Log' being destroyed
[2021.03.28-13.28.01:968][111]LogSlate: Window 'Message Log' being destroyed
[2021.03.28-13.28.09:207][532]LogAssetEditorSubsystem: Opening Asset editor for Blueprint /Game/ThirdPersonBP/Blueprints/endlesswaterGameMode.endlesswaterGameMode
[2021.03.28-13.28.09:519][532]LogContentBrowser: Native class hierarchy updated for 'BlueprintGraph' in 0.0005 seconds. Added 121 classes and 0 folders.
[2021.03.28-13.28.10:515][532]LogSlate: Took 0.000152 seconds to synchronously load lazily loaded font '../../../Engine/Content/Slate/Fonts/Roboto-BoldCondensed.ttf' (158K)
[2021.03.28-13.28.10:649][533]LogSlate: Took 0.008646 seconds to synchronously load lazily loaded font '../../../Engine/Content/Slate/Fonts/Roboto-Italic.ttf' (157K)
[2021.03.28-13.28.13:223][669]LogSlate: Window 'endlesswaterGameMode' being destroyed
[2021.03.28-13.28.13:230][669]LogSlate: Window 'endlesswaterGameMode' being destroyed
[2021.03.28-13.28.13:260][669]LogWorld: UWorld::CleanupWorld for World_2, bSessionEnded=true, bCleanupResources=true
[2021.03.28-13.28.13:261][669]LogSlate: InvalidateAllWidgets triggered.  All widgets were invalidated
[2021.03.28-13.28.14:239][714]LogAssetEditorSubsystem: Opening Asset editor for Blueprint /Game/ThirdPersonBP/Blueprints/bpwater.bpwater
[2021.03.28-13.28.16:090][783]LogRenderer: Reallocating scene render targets to support 1208x900 Format 10 NumSamples 1 (Frame:1).
[2021.03.28-13.28.36:647][681]LogRHI: Error: SyncInterval 0
[2021.03.28-13.28.36:647][681]LogRHI: Error: SwapChainDesc.BufferDesc.Width 1936
[2021.03.28-13.28.36:647][681]LogRHI: Error: SwapChainDesc.BufferDesc.Height 1056
[2021.03.28-13.28.36:647][681]LogRHI: Error: SwapChainDesc.BufferDesc.RefreshRate.Numerator 0
[2021.03.28-13.28.36:647][681]LogRHI: Error: SwapChainDesc.BufferDesc.RefreshRate.Denominator 0
[2021.03.28-13.28.36:647][681]LogRHI: Error: SwapChainDesc.BufferDesc.Format 24
[2021.03.28-13.28.36:647][681]LogRHI: Error: SwapChainDesc.BufferDesc.ScanlineOrdering 0
[2021.03.28-13.28.36:647][681]LogRHI: Error: SwapChainDesc.BufferDesc.Scaling 0
[2021.03.28-13.28.36:647][681]LogRHI: Error: SwapChainDesc.SampleDesc.Count 1
[2021.03.28-13.28.36:647][681]LogRHI: Error: SwapChainDesc.SampleDesc.Quality 0
[2021.03.28-13.28.36:647][681]LogRHI: Error: SwapChainDesc.BufferUsage 48
[2021.03.28-13.28.36:647][681]LogRHI: Error: SwapChainDesc.BufferCount 2
[2021.03.28-13.28.36:647][681]LogRHI: Error: SwapChainDesc.OutputWindow 00000000000401E8
[2021.03.28-13.28.36:647][681]LogRHI: Error: SwapChainDesc.Windowed true
[2021.03.28-13.28.36:647][681]LogRHI: Error: SwapChainDesc.SwapEffect 4
[2021.03.28-13.28.36:647][681]LogRHI: Error: SwapChainDesc.Flags 2050
[2021.03.28-13.28.36:647][681]LogD3D11RHI: Error: Result failed 
 at D:/Build/++UE4/Sync/Engine/Source/Runtime/Windows/D3D11RHI/Private/D3D11Viewport.cpp:389 
 with error DXGI_ERROR_DEVICE_REMOVED 00000000
[2021.03.28-13.28.36:647][681]LogD3D11RHI: [Aftermath] GDynamicRHI=00000269492A40C0, GDX11NVAfterMathEnabled=0, Result=0xFFFFFFFF, bDeviceActive=0
[2021.03.28-13.28.36:647][681]LogWindows: Windows GetLastError: The operation completed successfully. (0)
[2021.03.28-13.28.38:885][681]LogThreadingWindows: Error: Runnable thread RenderThread 3 crashed.
[2021.03.28-13.28.38:885][681]LogWindows: Error: === Critical error: ===
[2021.03.28-13.28.38:885][681]LogWindows: Error: 
[2021.03.28-13.28.38:885][681]LogWindows: Error: Fatal error: [File:D:/Build/++UE4/Sync/Engine/Source/Runtime/Windows/D3D11RHI/Private/D3D11Util.cpp] [Line: 198] 
[2021.03.28-13.28.38:885][681]LogWindows: Error: Unreal Engine is exiting due to D3D device being lost. (Error: 0x0 - 'S_OK')
[2021.03.28-13.28.38:885][681]LogWindows: Error: 
[2021.03.28-13.28.38:885][681]LogWindows: Error: 
[2021.03.28-13.28.38:885][681]LogWindows: Error: Unhandled Exception: 0x00008000
[2021.03.28-13.28.38:885][681]LogWindows: Error: 
[2021.03.28-13.28.38:885][681]LogWindows: Error: [Callstack] 0x00007fff57db3b29 KERNELBASE.dll!UnknownFunction []
[2021.03.28-13.28.38:885][681]LogWindows: Error: [Callstack] 0x00007fff1547c166 UE4Editor-Core.dll!UnknownFunction []
[2021.03.28-13.28.38:885][681]LogWindows: Error: [Callstack] 0x00007fff1547dc51 UE4Editor-Core.dll!UnknownFunction []
[2021.03.28-13.28.38:885][681]LogWindows: Error: [Callstack] 0x00007fff15232c7d UE4Editor-Core.dll!UnknownFunction []
[2021.03.28-13.28.38:885][681]LogWindows: Error: [Callstack] 0x00007fff143613e9 UE4Editor-D3D11RHI.dll!UnknownFunction []
[2021.03.28-13.28.38:885][681]LogWindows: Error: [Callstack] 0x00007fff14365bbf UE4Editor-D3D11RHI.dll!UnknownFunction []
[2021.03.28-13.28.38:885][681]LogWindows: Error: [Callstack] 0x00007fff14347549 UE4Editor-D3D11RHI.dll!UnknownFunction []
[2021.03.28-13.28.38:885][681]LogWindows: Error: [Callstack] 0x00007fff14346912 UE4Editor-D3D11RHI.dll!UnknownFunction []
[2021.03.28-13.28.38:885][681]LogWindows: Error: [Callstack] 0x00007fff14352b9d UE4Editor-D3D11RHI.dll!UnknownFunction []
[2021.03.28-13.28.38:886][681]LogWindows: Error: [Callstack] 0x00007fff1461b920 UE4Editor-RHI.dll!UnknownFunction []
[2021.03.28-13.28.38:886][681]LogOutputDevice: Warning: 

Script Stack (0 frames):

[2021.03.28-13.28.38:886][681]LogWindows: Error: [Callstack] 0x00007fff1461eff0 UE4Editor-RHI.dll!UnknownFunction []
[2021.03.28-13.28.38:886][681]LogWindows: Error: [Callstack] 0x00007fff1461eacf UE4Editor-RHI.dll!UnknownFunction []
[2021.03.28-13.28.38:886][681]LogWindows: Error: [Callstack] 0x00007fff1461fc8b UE4Editor-RHI.dll!UnknownFunction []
[2021.03.28-13.28.38:886][681]LogWindows: Windows GetLastError: The operation completed successfully. (0)
[2021.03.28-13.28.38:886][681]LogWindows: Error: [Callstack] 0x00007fff14612162 UE4Editor-RHI.dll!UnknownFunction []
[2021.03.28-13.28.38:886][681]LogWindows: Error: [Callstack] 0x00007ffef385765a UE4Editor-SlateRHIRenderer.dll!UnknownFunction []
[2021.03.28-13.28.38:886][681]LogWindows: Error: HandleError re-entered.
[2021.03.28-13.28.38:886][681]LogWindows: Error: [Callstack] 0x00007ffef384c8ac UE4Editor-SlateRHIRenderer.dll!UnknownFunction []
[2021.03.28-13.28.38:886][681]LogWindows: Error: [Callstack] 0x00007ffef385f60c UE4Editor-SlateRHIRenderer.dll!UnknownFunction []
[2021.03.28-13.28.38:886][681]LogWindows: FPlatformMisc::RequestExit(1)
[2021.03.28-13.28.38:886][681]LogWindows: Error: [Callstack] 0x00007fff15009ff2 UE4Editor-Core.dll!UnknownFunction []
[2021.03.28-13.28.38:886][681]LogCore: Engine exit requested (reason: Win RequestExit)
[2021.03.28-13.28.38:886][681]LogWindows: Error: [Callstack] 0x00007fff1500a393 UE4Editor-Core.dll!UnknownFunction []
[2021.03.28-13.28.38:886][681]LogWindows: Error: [Callstack] 0x00007fff144b5391 UE4Editor-RenderCore.dll!UnknownFunction []
[2021.03.28-13.28.38:886][681]LogWindows: Error: [Callstack] 0x00007fff144be254 UE4Editor-RenderCore.dll!UnknownFunction []
[2021.03.28-13.28.38:886][681]LogWindows: Error: [Callstack] 0x00007fff154832ef UE4Editor-Core.dll!UnknownFunction []
[2021.03.28-13.28.38:886][681]LogWindows: Error: [Callstack] 0x00007fff15482f94 UE4Editor-Core.dll!UnknownFunction []
[2021.03.28-13.28.38:886][681]LogWindows: Error: [Callstack] 0x00007fff588c7c24 KERNEL32.DLL!UnknownFunction []
[2021.03.28-13.28.38:886][681]LogWindows: Error: [Callstack] 0x00007fff5a32d721 ntdll.dll!UnknownFunction []
[2021.03.28-13.28.38:886][681]LogWindows: Error: 
[2021.03.28-13.28.38:886][681]LogWindows: Error: Crash in runnable thread RenderThread 3
[2021.03.28-13.28.38:901][681]Log file closed, 03/28/21 14:28:38
